Build started 15/05/2018 16:23:07.
     1>Project "C:\Users\Sean Rooney\Documents\College\MSc\Graphics\OpenGL_Game\OpenGL_Game\OpenGL_Game.vcxproj" on node 2 (build target(s)).
     1>InitializeBuildStatus:
         Creating "Debug\OpenGL_Game.unsuccessfulbuild" because "AlwaysCreate" was specified.
       ClCompile:
         C:\Program Files (x86)\Microsoft Visual Studio 10.0\VC\bin\CL.exe /c /I"C:\Users\Sean Rooney\Documents\Visual Studio 2010\Projects\OpenGL_Sprite\freeglut_bin" /ZI /nologo /W3 /WX- /Od /Oy- /D WIN32 /D _DEBUG /D _CONSOLE /D _UNICODE /D UNICODE /Gm /EHsc /RTC1 /MDd /GS /fp:precise /Zc:wchar_t /Zc:forScope /Yc"StdAfx.h" /Fp"Debug\OpenGL_Game.pch" /Fo"Debug\\" /Fd"Debug\vc100.pdb" /Gd /TP /analyze- /errorReport:prompt stdafx.cpp
         stdafx.cpp
         C:\Program Files (x86)\Microsoft Visual Studio 10.0\VC\bin\CL.exe /c /I"C:\Users\Sean Rooney\Documents\Visual Studio 2010\Projects\OpenGL_Sprite\freeglut_bin" /ZI /nologo /W3 /WX- /Od /Oy- /D WIN32 /D _DEBUG /D _CONSOLE /D _UNICODE /D UNICODE /Gm /EHsc /RTC1 /MDd /GS /fp:precise /Zc:wchar_t /Zc:forScope /Yu"StdAfx.h" /Fp"Debug\OpenGL_Game.pch" /Fo"Debug\\" /Fd"Debug\vc100.pdb" /Gd /TP /analyze- /errorReport:prompt OpenGL_Game.cpp
         OpenGL_Game.cpp
     1>c:\users\sean rooney\documents\college\msc\graphics\opengl_game\opengl_game\sprite.h(96): warning C4244: 'argument' : conversion from 'int' to 'GLfloat', possible loss of data
     1>c:\users\sean rooney\documents\college\msc\graphics\opengl_game\opengl_game\sprite.h(96): warning C4244: 'argument' : conversion from 'int' to 'GLfloat', possible loss of data
     1>c:\users\sean rooney\documents\college\msc\graphics\opengl_game\opengl_game\sprite.h(112): warning C4244: '=' : conversion from 'int' to 'float', possible loss of data
     1>c:\users\sean rooney\documents\college\msc\graphics\opengl_game\opengl_game\sprite.h(113): warning C4244: '=' : conversion from 'int' to 'float', possible loss of data
     1>c:\users\sean rooney\documents\college\msc\graphics\opengl_game\opengl_game\sprite.h(179): warning C4305: 'initializing' : truncation from 'double' to 'float'
     1>c:\users\sean rooney\documents\college\msc\graphics\opengl_game\opengl_game\sprite.h(180): warning C4305: 'initializing' : truncation from 'double' to 'float'
     1>c:\users\sean rooney\documents\college\msc\graphics\opengl_game\opengl_game\opengl_game.cpp(49): warning C4996: 'sprintf': This function or variable may be unsafe. Consider using sprintf_s instead. To disable deprecation, use _CRT_SECURE_NO_WARNINGS. See online help for details.
                 c:\program files (x86)\microsoft visual studio 10.0\vc\include\stdio.h(371) : see declaration of 'sprintf'
     1>c:\users\sean rooney\documents\college\msc\graphics\opengl_game\opengl_game\opengl_game.cpp(55): warning C4996: 'sprintf': This function or variable may be unsafe. Consider using sprintf_s instead. To disable deprecation, use _CRT_SECURE_NO_WARNINGS. See online help for details.
                 c:\program files (x86)\microsoft visual studio 10.0\vc\include\stdio.h(371) : see declaration of 'sprintf'
     1>c:\users\sean rooney\documents\college\msc\graphics\opengl_game\opengl_game\opengl_game.cpp(57): warning C4996: 'sprintf': This function or variable may be unsafe. Consider using sprintf_s instead. To disable deprecation, use _CRT_SECURE_NO_WARNINGS. See online help for details.
                 c:\program files (x86)\microsoft visual studio 10.0\vc\include\stdio.h(371) : see declaration of 'sprintf'
     1>c:\users\sean rooney\documents\college\msc\graphics\opengl_game\opengl_game\opengl_game.cpp(63): warning C4996: 'sprintf': This function or variable may be unsafe. Consider using sprintf_s instead. To disable deprecation, use _CRT_SECURE_NO_WARNINGS. See online help for details.
                 c:\program files (x86)\microsoft visual studio 10.0\vc\include\stdio.h(371) : see declaration of 'sprintf'
     1>c:\users\sean rooney\documents\college\msc\graphics\opengl_game\opengl_game\opengl_game.cpp(65): warning C4996: 'sprintf': This function or variable may be unsafe. Consider using sprintf_s instead. To disable deprecation, use _CRT_SECURE_NO_WARNINGS. See online help for details.
                 c:\program files (x86)\microsoft visual studio 10.0\vc\include\stdio.h(371) : see declaration of 'sprintf'
     1>c:\users\sean rooney\documents\college\msc\graphics\opengl_game\opengl_game\opengl_game.cpp(150): warning C4244: '=' : conversion from 'int' to 'float', possible loss of data
     1>c:\users\sean rooney\documents\college\msc\graphics\opengl_game\opengl_game\opengl_game.cpp(154): warning C4244: '=' : conversion from 'int' to 'float', possible loss of data
     1>c:\users\sean rooney\documents\college\msc\graphics\opengl_game\opengl_game\opengl_game.cpp(181): warning C4244: '=' : conversion from 'int' to 'float', possible loss of data
     1>c:\users\sean rooney\documents\college\msc\graphics\opengl_game\opengl_game\opengl_game.cpp(183): warning C4244: '=' : conversion from 'int' to 'float', possible loss of data
     1>c:\users\sean rooney\documents\college\msc\graphics\opengl_game\opengl_game\opengl_game.cpp(216): warning C4244: '=' : conversion from 'int' to 'float', possible loss of data
     1>c:\users\sean rooney\documents\college\msc\graphics\opengl_game\opengl_game\opengl_game.cpp(218): warning C4244: '=' : conversion from 'int' to 'float', possible loss of data
     1>c:\users\sean rooney\documents\college\msc\graphics\opengl_game\opengl_game\opengl_game.cpp(223): warning C4244: '=' : conversion from 'int' to 'float', possible loss of data
     1>c:\users\sean rooney\documents\college\msc\graphics\opengl_game\opengl_game\opengl_game.cpp(225): warning C4244: '=' : conversion from 'int' to 'float', possible loss of data
       ManifestResourceCompile:
         C:\Program Files (x86)\Microsoft SDKs\Windows\v7.0A\bin\rc.exe /nologo /fo"Debug\OpenGL_Game.exe.embed.manifest.res" Debug\OpenGL_Game_manifest.rc 
       Link:
         C:\Program Files (x86)\Microsoft Visual Studio 10.0\VC\bin\link.exe /ERRORREPORT:PROMPT /OUT:"C:\Users\Sean Rooney\Documents\College\MSc\Graphics\OpenGL_Game\Debug\OpenGL_Game.exe" /INCREMENTAL /NOLOGO /LIBPATH:"C:\Users\Sean Rooney\Documents\Visual Studio 2010\Projects\OpenGL_Sprite\freeglut_bin" kernel32.lib user32.lib gdi32.lib winspool.lib comdlg32.lib advapi32.lib shell32.lib ole32.lib oleaut32.lib uuid.lib odbc32.lib odbccp32.lib /MANIFEST /ManifestFile:"Debug\OpenGL_Game.exe.intermediate.manifest" /MANIFESTUAC:"level='asInvoker' uiAccess='false'" /DEBUG /PDB:"C:\Users\Sean Rooney\Documents\College\MSc\Graphics\OpenGL_Game\Debug\OpenGL_Game.pdb" /SUBSYSTEM:CONSOLE /TLBID:1 /DYNAMICBASE /NXCOMPAT /IMPLIB:"C:\Users\Sean Rooney\Documents\College\MSc\Graphics\OpenGL_Game\Debug\OpenGL_Game.lib" /MACHINE:X86 Debug\OpenGL_Game.exe.embed.manifest.res
         Debug\OpenGL_Game.obj
         Debug\stdafx.obj
       Manifest:
         C:\Program Files (x86)\Microsoft SDKs\Windows\v7.0A\bin\mt.exe /nologo /verbose /out:"Debug\OpenGL_Game.exe.embed.manifest" /manifest Debug\OpenGL_Game.exe.intermediate.manifest
         All outputs are up-to-date.
       LinkEmbedManifest:
         All outputs are up-to-date.
         OpenGL_Game.vcxproj -> C:\Users\Sean Rooney\Documents\College\MSc\Graphics\OpenGL_Game\Debug\OpenGL_Game.exe
       FinalizeBuildStatus:
         Deleting file "Debug\OpenGL_Game.unsuccessfulbuild".
         Touching "Debug\OpenGL_Game.lastbuildstate".
     1>Done Building Project "C:\Users\Sean Rooney\Documents\College\MSc\Graphics\OpenGL_Game\OpenGL_Game\OpenGL_Game.vcxproj" (build target(s)).

Build succeeded.

Time Elapsed 00:00:05.64
