C:\USERS\SEAN ROONEY\DOCUMENTS\VISUAL STUDIO 2010\PROJECTS\OPENGL_GAME\DEBUG\OPENGL_GAME.EXE
C:\USERS\SEAN ROONEY\DOCUMENTS\VISUAL STUDIO 2010\PROJECTS\OPENGL_GAME\DEBUG\OPENGL_GAME.ILK
C:\USERS\SEAN ROONEY\DOCUMENTS\VISUAL STUDIO 2010\PROJECTS\OPENGL_GAME\DEBUG\OPENGL_GAME.PDB
C:\Users\Sean Rooney\Documents\Visual Studio 2010\Projects\OpenGL_Game\OpenGL_Game\Debug\cl.command.1.tlog
C:\Users\Sean Rooney\Documents\Visual Studio 2010\Projects\OpenGL_Game\OpenGL_Game\Debug\CL.read.1.tlog
C:\Users\Sean Rooney\Documents\Visual Studio 2010\Projects\OpenGL_Game\OpenGL_Game\Debug\CL.write.1.tlog
C:\Users\Sean Rooney\Documents\Visual Studio 2010\Projects\OpenGL_Game\OpenGL_Game\Debug\link.10848.read.1.tlog
C:\Users\Sean Rooney\Documents\Visual Studio 2010\Projects\OpenGL_Game\OpenGL_Game\Debug\link.10848.write.1.tlog
C:\Users\Sean Rooney\Documents\Visual Studio 2010\Projects\OpenGL_Game\OpenGL_Game\Debug\link.10848-cvtres.read.1.tlog
C:\Users\Sean Rooney\Documents\Visual Studio 2010\Projects\OpenGL_Game\OpenGL_Game\Debug\link.10848-cvtres.write.1.tlog
C:\Users\Sean Rooney\Documents\Visual Studio 2010\Projects\OpenGL_Game\OpenGL_Game\Debug\link.12652.read.1.tlog
C:\Users\Sean Rooney\Documents\Visual Studio 2010\Projects\OpenGL_Game\OpenGL_Game\Debug\link.12652.write.1.tlog
C:\Users\Sean Rooney\Documents\Visual Studio 2010\Projects\OpenGL_Game\OpenGL_Game\Debug\link.12652-cvtres.read.1.tlog
C:\Users\Sean Rooney\Documents\Visual Studio 2010\Projects\OpenGL_Game\OpenGL_Game\Debug\link.12652-cvtres.write.1.tlog
C:\Users\Sean Rooney\Documents\Visual Studio 2010\Projects\OpenGL_Game\OpenGL_Game\Debug\link.12864.read.1.tlog
C:\Users\Sean Rooney\Documents\Visual Studio 2010\Projects\OpenGL_Game\OpenGL_Game\Debug\link.12864.write.1.tlog
C:\Users\Sean Rooney\Documents\Visual Studio 2010\Projects\OpenGL_Game\OpenGL_Game\Debug\link.16184.read.1.tlog
C:\Users\Sean Rooney\Documents\Visual Studio 2010\Projects\OpenGL_Game\OpenGL_Game\Debug\link.16184.write.1.tlog
C:\Users\Sean Rooney\Documents\Visual Studio 2010\Projects\OpenGL_Game\OpenGL_Game\Debug\link.16184-cvtres.read.1.tlog
C:\Users\Sean Rooney\Documents\Visual Studio 2010\Projects\OpenGL_Game\OpenGL_Game\Debug\link.16184-cvtres.write.1.tlog
C:\Users\Sean Rooney\Documents\Visual Studio 2010\Projects\OpenGL_Game\OpenGL_Game\Debug\link.command.1.tlog
C:\Users\Sean Rooney\Documents\Visual Studio 2010\Projects\OpenGL_Game\OpenGL_Game\Debug\link.read.1.tlog
C:\Users\Sean Rooney\Documents\Visual Studio 2010\Projects\OpenGL_Game\OpenGL_Game\Debug\link.write.1.tlog
C:\Users\Sean Rooney\Documents\Visual Studio 2010\Projects\OpenGL_Game\OpenGL_Game\Debug\link-cvtres.read.1.tlog
C:\Users\Sean Rooney\Documents\Visual Studio 2010\Projects\OpenGL_Game\OpenGL_Game\Debug\link-cvtres.write.1.tlog
C:\Users\Sean Rooney\Documents\Visual Studio 2010\Projects\OpenGL_Game\OpenGL_Game\Debug\mt.command.1.tlog
C:\Users\Sean Rooney\Documents\Visual Studio 2010\Projects\OpenGL_Game\OpenGL_Game\Debug\mt.read.1.tlog
C:\Users\Sean Rooney\Documents\Visual Studio 2010\Projects\OpenGL_Game\OpenGL_Game\Debug\mt.write.1.tlog
C:\Users\Sean Rooney\Documents\Visual Studio 2010\Projects\OpenGL_Game\OpenGL_Game\Debug\OpenGL_Game.exe.embed.manifest
C:\USERS\SEAN ROONEY\DOCUMENTS\VISUAL STUDIO 2010\PROJECTS\OPENGL_GAME\OPENGL_GAME\DEBUG\OPENGL_GAME.EXE.EMBED.MANIFEST.RES
C:\USERS\SEAN ROONEY\DOCUMENTS\VISUAL STUDIO 2010\PROJECTS\OPENGL_GAME\OPENGL_GAME\DEBUG\OPENGL_GAME.EXE.INTERMEDIATE.MANIFEST
C:\USERS\SEAN ROONEY\DOCUMENTS\VISUAL STUDIO 2010\PROJECTS\OPENGL_GAME\OPENGL_GAME\DEBUG\OPENGL_GAME.OBJ
C:\USERS\SEAN ROONEY\DOCUMENTS\VISUAL STUDIO 2010\PROJECTS\OPENGL_GAME\OPENGL_GAME\DEBUG\OPENGL_GAME.PCH
C:\Users\Sean Rooney\Documents\Visual Studio 2010\Projects\OpenGL_Game\OpenGL_Game\Debug\OpenGL_Game.write.1.tlog
C:\Users\Sean Rooney\Documents\Visual Studio 2010\Projects\OpenGL_Game\OpenGL_Game\Debug\OpenGL_Game_manifest.rc
C:\Users\Sean Rooney\Documents\Visual Studio 2010\Projects\OpenGL_Game\OpenGL_Game\Debug\OpenGL_Sprite.exe.embed.manifest
C:\Users\Sean Rooney\Documents\Visual Studio 2010\Projects\OpenGL_Game\OpenGL_Game\Debug\OpenGL_Sprite.exe.embed.manifest.res
C:\Users\Sean Rooney\Documents\Visual Studio 2010\Projects\OpenGL_Game\OpenGL_Game\Debug\OpenGL_Sprite.exe.intermediate.manifest
C:\Users\Sean Rooney\Documents\Visual Studio 2010\Projects\OpenGL_Game\OpenGL_Game\Debug\OpenGL_Sprite.obj
C:\Users\Sean Rooney\Documents\Visual Studio 2010\Projects\OpenGL_Game\OpenGL_Game\Debug\OpenGL_Sprite.pch
C:\Users\Sean Rooney\Documents\Visual Studio 2010\Projects\OpenGL_Game\OpenGL_Game\Debug\OpenGL_Sprite.vcxprojResolveAssemblyReference.cache
C:\Users\Sean Rooney\Documents\Visual Studio 2010\Projects\OpenGL_Game\OpenGL_Game\Debug\OpenGL_Sprite.write.1.tlog
C:\Users\Sean Rooney\Documents\Visual Studio 2010\Projects\OpenGL_Game\OpenGL_Game\Debug\OpenGL_Sprite_manifest.rc
C:\Users\Sean Rooney\Documents\Visual Studio 2010\Projects\OpenGL_Game\OpenGL_Game\Debug\rc.command.1.tlog
C:\Users\Sean Rooney\Documents\Visual Studio 2010\Projects\OpenGL_Game\OpenGL_Game\Debug\rc.read.1.tlog
C:\Users\Sean Rooney\Documents\Visual Studio 2010\Projects\OpenGL_Game\OpenGL_Game\Debug\rc.write.1.tlog
C:\USERS\SEAN ROONEY\DOCUMENTS\VISUAL STUDIO 2010\PROJECTS\OPENGL_GAME\OPENGL_GAME\DEBUG\STDAFX.OBJ
C:\Users\Sean Rooney\Documents\Visual Studio 2010\Projects\OpenGL_Game\OpenGL_Game\Debug\vc100.idb
C:\USERS\SEAN ROONEY\DOCUMENTS\VISUAL STUDIO 2010\PROJECTS\OPENGL_GAME\OPENGL_GAME\DEBUG\VC100.PDB
C:\USERS\SEAN ROONEY\DOCUMENTS\VISUAL STUDIO 2010\PROJECTS\OPENGL_GAME\OPENGL_SPRITE\DEBUG\OPENGL_GAME.EXE.EMBED.MANIFEST
C:\USERS\SEAN ROONEY\DOCUMENTS\VISUAL STUDIO 2010\PROJECTS\OPENGL_GAME\OPENGL_SPRITE\DEBUG\OPENGL_GAME.EXE.EMBED.MANIFEST.RES
C:\USERS\SEAN ROONEY\DOCUMENTS\VISUAL STUDIO 2010\PROJECTS\OPENGL_GAME\OPENGL_SPRITE\DEBUG\OPENGL_GAME.OBJ
C:\USERS\SEAN ROONEY\DOCUMENTS\VISUAL STUDIO 2010\PROJECTS\OPENGL_GAME\OPENGL_SPRITE\DEBUG\OPENGL_GAME.PCH
C:\USERS\SEAN ROONEY\DOCUMENTS\VISUAL STUDIO 2010\PROJECTS\OPENGL_GAME\OPENGL_SPRITE\DEBUG\STDAFX.OBJ
C:\USERS\SEAN ROONEY\DOCUMENTS\VISUAL STUDIO 2010\PROJECTS\OPENGL_GAME\OPENGL_SPRITE\DEBUG\VC100.PDB
C:\USERS\SEAN ROONEY\DOCUMENTS\VISUAL STUDIO 2010\PROJECTS\OPENGL_SPRITE\DEBUG\OPENGL_SPRITE.EXE
C:\USERS\SEAN ROONEY\DOCUMENTS\VISUAL STUDIO 2010\PROJECTS\OPENGL_SPRITE\DEBUG\OPENGL_SPRITE.ILK
C:\USERS\SEAN ROONEY\DOCUMENTS\VISUAL STUDIO 2010\PROJECTS\OPENGL_SPRITE\DEBUG\OPENGL_SPRITE.PDB
C:\USERS\SEAN ROONEY\DOCUMENTS\VISUAL STUDIO 2010\PROJECTS\OPENGL_SPRITE\OPENGL_SPRITE\DEBUG\OPENGL_SPRITE.EXE.EMBED.MANIFEST
C:\USERS\SEAN ROONEY\DOCUMENTS\VISUAL STUDIO 2010\PROJECTS\OPENGL_SPRITE\OPENGL_SPRITE\DEBUG\OPENGL_SPRITE.EXE.EMBED.MANIFEST.RES
C:\USERS\SEAN ROONEY\DOCUMENTS\VISUAL STUDIO 2010\PROJECTS\OPENGL_SPRITE\OPENGL_SPRITE\DEBUG\OPENGL_SPRITE.EXE.INTERMEDIATE.MANIFEST
C:\USERS\SEAN ROONEY\DOCUMENTS\VISUAL STUDIO 2010\PROJECTS\OPENGL_SPRITE\OPENGL_SPRITE\DEBUG\OPENGL_SPRITE.OBJ
C:\USERS\SEAN ROONEY\DOCUMENTS\VISUAL STUDIO 2010\PROJECTS\OPENGL_SPRITE\OPENGL_SPRITE\DEBUG\OPENGL_SPRITE.PCH
C:\USERS\SEAN ROONEY\DOCUMENTS\VISUAL STUDIO 2010\PROJECTS\OPENGL_SPRITE\OPENGL_SPRITE\DEBUG\STDAFX.OBJ
C:\USERS\SEAN ROONEY\DOCUMENTS\VISUAL STUDIO 2010\PROJECTS\OPENGL_SPRITE\OPENGL_SPRITE\DEBUG\VC100.PDB
